<?xml version="1.0" encoding="UTF-8"?>
<!-- Generated by org.testng.reporters.JUnitXMLReporter -->
<testsuite ignored="0" hostname="DESKTOP-B371L1B" failures="0" tests="8" name="Test" time="20.269" errors="0" timestamp="2024-04-21T14:28:12 IST">
  <testcase classname="TestClass.IndexPageTest" name="ClickOnShoppingCartValidation" time="2.122"/>
  <testcase classname="TestClass.IndexPageTest" name="ClickOnWishListValidation" time="1.696"/>
  <testcase classname="TestClass.IndexPageTest" name="RegBtnClickValidate" time="4.715"/>
  <testcase classname="TestClass.IndexPageTest" name="RegBtnDisplayedValidate" time="0.247"/>
  <testcase classname="TestClass.IndexPageTest" name="Seachproduct" time="5.885"/>
  <testcase classname="TestClass.IndexPageTest" name="logInBtn" time="1.82"/>
  <testcase classname="TestClass.IndexPageTest" name="nopCommerceLogoDispValidate" time="0.277"/>
  <testcase classname="TestClass.IndexPageTest" name="TitleValidate" time="1.043"/>
</testsuite> <!-- Test -->
