<?xml version="1.0" encoding="UTF-8"?>
<testng-results ignored="0" total="8" passed="8" failed="0" skipped="0">
  <reporter-output>
  </reporter-output>
  <suite started-at="2024-04-21T14:27:52 IST" name="Suite" finished-at="2024-04-21T14:28:12 IST" duration-ms="20269">
    <groups>
      <group name="smoke">
        <method signature="IndexPageTest.RegBtnClickValidate()[pri:0, instance:TestClass.IndexPageTest@515aebb0]" name="RegBtnClickValidate" class="TestClass.IndexPageTest"/>
        <method signature="IndexPageTest.RegBtnDisplayedValidate()[pri:0, instance:TestClass.IndexPageTest@515aebb0]" name="RegBtnDisplayedValidate" class="TestClass.IndexPageTest"/>
        <method signature="IndexPageTest.TitleValidate()[pri:1, instance:TestClass.IndexPageTest@515aebb0]" name="TitleValidate" class="TestClass.IndexPageTest"/>
        <method signature="IndexPageTest.nopCommerceLogoDispValidate()[pri:0, instance:TestClass.IndexPageTest@515aebb0]" name="nopCommerceLogoDispValidate" class="TestClass.IndexPageTest"/>
      </group> <!-- smoke -->
    </groups>
    <test started-at="2024-04-21T14:27:52 IST" name="Test" finished-at="2024-04-21T14:28:12 IST" duration-ms="20269">
      <class name="TestClass.IndexPageTest">
        <test-method is-config="true" signature="setup(java.lang.String)[pri:0, instance:TestClass.IndexPageTest@515aebb0]" started-at="2024-04-21T14:27:47 IST" name="setup" finished-at="2024-04-21T14:27:52 IST" duration-ms="4848" status="PASS">
          <params>
            <param index="0">
              <value>
                <![CDATA[Edge]]>
              </value>
            </param>
          </params>
          <reporter-output>
          </reporter-output>
        </test-method> <!-- setup -->
        <test-method is-config="true" signature="OpenWebsit(java.lang.String)[pri:0, instance:TestClass.IndexPageTest@515aebb0]" started-at="2024-04-21T14:27:52 IST" name="OpenWebsit" finished-at="2024-04-21T14:27:54 IST" duration-ms="2308" status="PASS">
          <params>
            <param index="0">
              <value>
                <![CDATA[https://demo.nopcommerce.com/]]>
              </value>
            </param>
          </params>
          <reporter-output>
          </reporter-output>
        </test-method> <!-- OpenWebsit -->
        <test-method signature="ClickOnShoppingCartValidation()[pri:0, instance:TestClass.IndexPageTest@515aebb0]" started-at="2024-04-21T14:27:54 IST" name="ClickOnShoppingCartValidation" finished-at="2024-04-21T14:27:56 IST" duration-ms="2122" status="PASS">
          <reporter-output>
          </reporter-output>
        </test-method> <!-- ClickOnShoppingCartValidation -->
        <test-method signature="ClickOnWishListValidation()[pri:0, instance:TestClass.IndexPageTest@515aebb0]" started-at="2024-04-21T14:27:56 IST" name="ClickOnWishListValidation" finished-at="2024-04-21T14:27:58 IST" duration-ms="1696" status="PASS">
          <reporter-output>
          </reporter-output>
        </test-method> <!-- ClickOnWishListValidation -->
        <test-method signature="RegBtnClickValidate()[pri:0, instance:TestClass.IndexPageTest@515aebb0]" started-at="2024-04-21T14:27:58 IST" name="RegBtnClickValidate" finished-at="2024-04-21T14:28:03 IST" duration-ms="4715" status="PASS">
          <reporter-output>
          </reporter-output>
        </test-method> <!-- RegBtnClickValidate -->
        <test-method signature="RegBtnDisplayedValidate()[pri:0, instance:TestClass.IndexPageTest@515aebb0]" started-at="2024-04-21T14:28:03 IST" name="RegBtnDisplayedValidate" finished-at="2024-04-21T14:28:03 IST" duration-ms="247" status="PASS">
          <reporter-output>
          </reporter-output>
        </test-method> <!-- RegBtnDisplayedValidate -->
        <test-method signature="Seachproduct()[pri:0, instance:TestClass.IndexPageTest@515aebb0]" started-at="2024-04-21T14:28:03 IST" name="Seachproduct" finished-at="2024-04-21T14:28:09 IST" duration-ms="5885" status="PASS">
          <reporter-output>
          </reporter-output>
        </test-method> <!-- Seachproduct -->
        <test-method signature="logInBtn()[pri:0, instance:TestClass.IndexPageTest@515aebb0]" started-at="2024-04-21T14:28:09 IST" name="logInBtn" finished-at="2024-04-21T14:28:11 IST" duration-ms="1820" status="PASS">
          <reporter-output>
          </reporter-output>
        </test-method> <!-- logInBtn -->
        <test-method signature="nopCommerceLogoDispValidate()[pri:0, instance:TestClass.IndexPageTest@515aebb0]" started-at="2024-04-21T14:28:11 IST" name="nopCommerceLogoDispValidate" finished-at="2024-04-21T14:28:11 IST" duration-ms="277" status="PASS">
          <reporter-output>
          </reporter-output>
        </test-method> <!-- nopCommerceLogoDispValidate -->
        <test-method signature="TitleValidate()[pri:1, instance:TestClass.IndexPageTest@515aebb0]" started-at="2024-04-21T14:28:11 IST" name="TitleValidate" finished-at="2024-04-21T14:28:12 IST" duration-ms="1043" status="PASS">
          <reporter-output>
          </reporter-output>
        </test-method> <!-- TitleValidate -->
        <test-method is-config="true" signature="closeBrowser()[pri:0, instance:TestClass.IndexPageTest@515aebb0]" started-at="2024-04-21T14:28:12 IST" name="closeBrowser" finished-at="2024-04-21T14:28:13 IST" duration-ms="1038" status="PASS">
          <reporter-output>
          </reporter-output>
        </test-method> <!-- closeBrowser -->
      </class> <!-- TestClass.IndexPageTest -->
    </test> <!-- Test -->
  </suite> <!-- Suite -->
</testng-results>
